/usr/sbin/mysqld, Version: 8.0.29 (MySQL Community Server - GPL). started with:
Tcp port: 0  Unix socket: /var/run/mysqld/mysqld.sock
Time                 Id Command    Argument
/usr/sbin/mysqld, Version: 8.0.29 (MySQL Community Server - GPL). started with:
Tcp port: 0  Unix socket: /var/run/mysqld/mysqld.sock
Time                 Id Command    Argument
# Time: 2022-06-07T14:32:54.052085-00:00
# User@Host: root[root] @ localhost []  Id:     8
# Query_time: 1.810961  Lock_time: 0.000109 Rows_sent: 0  Rows_examined: 0
use mysql;
SET timestamp=1654612372;
INSERT INTO time_zone_transition (Time_zone_id, Transition_time, Transition_type_id) VALUES
 (@time_zone_id, -2147483648, 2)
,(@time_zone_id, -1692496800, 1)
,(@time_zone_id, -1680490800, 2)
,(@time_zone_id, -935110800, 1)
,(@time_zone_id, -857257200, 3)
,(@time_zone_id, -844556400, 4)
,(@time_zone_id, -828226800, 3)
,(@time_zone_id, -812502000, 4)
,(@time_zone_id, -796777200, 3)
,(@time_zone_id, -781052400, 4)
,(@time_zone_id, -769388400, 3)
,(@time_zone_id, -747010800, 4)
,(@time_zone_id, -736383600, 3)
,(@time_zone_id, -715215600, 4)
,(@time_zone_id, -706748400, 3)
,(@time_zone_id, -683161200, 4)
,(@time_zone_id, -675298800, 3)
,(@time_zone_id, 315529208, 2)
,(@time_zone_id, 323830809, 5)
,(@time_zone_id, 338950809, 6)
,(@time_zone_id, 354675609, 5)
,(@time_zone_id, 370400410, 6)
,(@time_zone_id, 386125210, 5)
,(@time_zone_id, 401850011, 6)
,(@time_zone_id, 417574811, 5)
,(@time_zone_id, 433299612, 6)
,(@time_zone_id, 449024412, 5)
,(@time_zone_id, 465354012, 6)
,(@time_zone_id, 481078812, 5)
,(@time_zone_id, 496803613, 6)
,(@time_zone_id, 512528413, 5)
,(@time_zone_id, 528253213, 6)
,(@time_zone_id, 543978013, 5)
,(@time_zone_id, 559702813, 6)
,(@time_zone_id, 575427614, 5)
,(@time_zone_id, 591152414, 6)
,(@time_zone_id, 606877214, 5)
,(@time_zone_id, 622602014, 6)
,(@time_zone_id, 638326815, 5)
,(@time_zone_id, 654656415, 6)
,(@time_zone_id, 670381216, 5)
,(@time_zone_id, 686106016, 6)
,(@time_zone_id, 701830816, 5)
,(@time_zone_id, 717555617, 6)
,(@time_zone_id, 733280417, 5)
,(@time_zone_id, 749005218, 6)
,(@time_zone_id, 764730018, 5)
,(@time_zone_id, 780454819, 6)
,(@time_zone_id, 796179619, 5)
,(@time_zone_id, 811904419, 6)
,(@time_zone_id, 828234020, 5)
,(@time_zone_id, 846378020, 6)
,(@time_zone_id, 859683620, 5)
,(@time_zone_id, 877827621, 6)
,(@time_zone_id, 891133221, 5)
,(@time_zone_id, 909277221, 6)
,(@time_zone_id, 922582822, 5)
,(@time_zone_id, 941331622, 6)
,(@time_zone_id, 954032422, 5)
,(@time_zone_id, 972781222, 6)
,(@time_zone_id, 985482022, 5)
,(@time_zone_id, 1004230822, 6)
,(@time_zone_id, 1017536422, 5)
,(@time_zone_id, 1035680422, 6)
,(@time_zone_id, 1048986022, 5)
,(@time_zone_id, 1067130022, 6)
,(@time_zone_id, 1080435622, 5)
,(@time_zone_id, 1099184422, 6)
,(@time_zone_id, 1111885222, 5)
,(@time_zone_id, 1130634022, 6)
,(@time_zone_id, 1143334823, 5)
,(@time_zone_id, 1162083623, 6)
,(@time_zone_id, 1174784423, 5)
,(@time_zone_id, 1193533223, 6)
,(@time_zone_id, 1206838823, 5)
,(@time_zone_id, 1224982823, 6)
,(@time_zone_id, 1238288424, 5)
,(@time_zone_id, 1256432424, 6)
,(@time_zone_id, 1269738024, 5)
,(@time_zone_id, 1288486824, 6)
,(@time_zone_id, 1301187624, 5)
,(@time_zone_id, 1319936424, 6)
,(@time_zone_id, 1332637224, 5)
,(@time_zone_id, 1351386025, 6)
,(@time_zone_id, 1364691625, 5)
,(@time_zone_id, 1382835625, 6)
,(@time_zone_id, 1396141225, 5)
,(@time_zone_id, 1414285225, 6)
,(@time_zone_id, 1427590825, 5)
,(@time_zone_id, 1445734826, 6)
,(@time_zone_id, 1459040426, 5)
,(@time_zone_id, 1477789226, 6)
,(@time_zone_id, 1490490027, 5)
,(@time_zone_id, 1509238827, 6)
,(@time_zone_id, 1521939627, 5)
,(@time_zone_id, 1540688427, 6)
,(@time_zone_id, 1553994027, 5)
,(@time_zone_id, 1572138027, 6)
,(@time_zone_id, 1585443627, 5)
,(@time_zone_id, 1603587627, 6)
,(@time_zone_id, 1616893227, 5)
,(@time_zone_id, 1635642027, 6)
,(@time_zone_id, 1648342827, 5)
,(@time_zone_id, 1667091627, 6)
,(@time_zone_id, 1679792427, 5)
,(@time_zone_id, 1698541227, 6)
,(@time_zone_id, 1711846827, 5)
,(@time_zone_id, 1729990827, 6)
,(@time_zone_id, 1743296427, 5)
,(@time_zone_id, 1761440427, 6)
,(@time_zone_id, 1774746027, 5)
,(@time_zone_id, 1792890027, 6)
,(@time_zone_id, 1806195627, 5)
,(@time_zone_id, 1824944427, 6)
,(@time_zone_id, 1837645227, 5)
,(@time_zone_id, 1856394027, 6)
,(@time_zone_id, 1869094827, 5)
,(@time_zone_id, 1887843627, 6)
,(@time_zone_id, 1901149227, 5)
,(@time_zone_id, 1919293227, 6)
,(@time_zone_id, 1932598827, 5)
,(@time_zone_id, 1950742827, 6)
,(@time_zone_id, 1964048427, 5)
,(@time_zone_id, 1982797227, 6)
,(@time_zone_id, 1995498027, 5)
,(@time_zone_id, 2014246827, 6)
,(@time_zone_id, 2026947627, 5)
,(@time_zone_id, 2045696427, 6)
,(@time_zone_id, 2058397227, 5)
,(@time_zone_id, 2077146027, 6)
,(@time_zone_id, 2090451627, 5)
,(@time_zone_id, 2108595627, 6)
,(@time_zone_id, 2121901227, 5)
,(@time_zone_id, 2140045227, 6);
/usr/sbin/mysqld, Version: 8.0.29 (MySQL Community Server - GPL). started with:
Tcp port: 3306  Unix socket: /var/run/mysqld/mysqld.sock
Time                 Id Command    Argument
/usr/sbin/mysqld, Version: 8.0.29 (MySQL Community Server - GPL). started with:
Tcp port: 3306  Unix socket: /var/run/mysqld/mysqld.sock
Time                 Id Command    Argument
/usr/sbin/mysqld, Version: 8.0.29 (MySQL Community Server - GPL). started with:
Tcp port: 3306  Unix socket: /var/run/mysqld/mysqld.sock
Time                 Id Command    Argument
